Using pre-set license
Built from '2021.3/staging' branch; Version is '2021.3.8f1 (b30333d56e81) revision 11731763'; Using compiler version '192829333'; Build Type 'Release'
OS: 'Windows 11  (10.0.22621) 64bit CoreSingleLanguage' Language: 'en' Physical Memory: 15776 MB
BatchMode: 1, IsHumanControllingUs: 0, StartBugReporterOnCrash: 0, Is64bit: 1, IsPro: 1

COMMAND LINE ARGUMENTS:
C:\Program Files\Unity\Hub\Editor\2021.3.8f1\Editor\Unity.exe
-adb2
-batchMode
-noUpm
-name
AssetImportWorker0
-projectPath
C:/Users/AtomROG/Documents/GitHub/FINAL/Operation_Ocean
-logFile
Logs/AssetImportWorker0.log
-srvPort
53338
Successfully changed project path to: C:/Users/AtomROG/Documents/GitHub/FINAL/Operation_Ocean
C:/Users/AtomROG/Documents/GitHub/FINAL/Operation_Ocean
[UnityMemory] Configuration Parameters - Can be set up in boot.config
    "memorysetup-bucket-allocator-granularity=16"
    "memorysetup-bucket-allocator-bucket-count=8"
    "memorysetup-bucket-allocator-block-size=33554432"
    "memorysetup-bucket-allocator-block-count=8"
    "memorysetup-main-allocator-block-size=16777216"
    "memorysetup-thread-allocator-block-size=16777216"
    "memorysetup-gfx-main-allocator-block-size=16777216"
    "memorysetup-gfx-thread-allocator-block-size=16777216"
    "memorysetup-cache-allocator-block-size=4194304"
    "memorysetup-typetree-allocator-block-size=2097152"
    "memorysetup-profiler-bucket-allocator-granularity=16"
    "memorysetup-profiler-bucket-allocator-bucket-count=8"
    "memorysetup-profiler-bucket-allocator-block-size=33554432"
    "memorysetup-profiler-bucket-allocator-block-count=8"
    "memorysetup-profiler-allocator-block-size=16777216"
    "memorysetup-profiler-editor-allocator-block-size=1048576"
    "memorysetup-temp-allocator-size-main=16777216"
    "memorysetup-job-temp-allocator-block-size=2097152"
    "memorysetup-job-temp-allocator-block-size-background=1048576"
    "memorysetup-job-temp-allocator-reduction-small-platforms=262144"
    "memorysetup-temp-allocator-size-background-worker=32768"
    "memorysetup-temp-allocator-size-job-worker=262144"
    "memorysetup-temp-allocator-size-preload-manager=33554432"
    "memorysetup-temp-allocator-size-nav-mesh-worker=65536"
    "memorysetup-temp-allocator-size-audio-worker=65536"
    "memorysetup-temp-allocator-size-cloud-worker=32768"
    "memorysetup-temp-allocator-size-gi-baking-worker=262144"
    "memorysetup-temp-allocator-size-gfx=262144"
Refreshing native plugins compatible for Editor in 75.41 ms, found 3 plugins.
Preloading 0 native plugins for Editor in 0.00 ms.
Initialize engine version: 2021.3.8f1 (b30333d56e81)
[Subsystems] Discovering subsystems at path C:/Program Files/Unity/Hub/Editor/2021.3.8f1/Editor/Data/Resources/UnitySubsystems
[Subsystems] Discovering subsystems at path C:/Users/AtomROG/Documents/GitHub/FINAL/Operation_Ocean/Assets
GfxDevice: creating device client; threaded=0; jobified=0
Direct3D:
    Version:  Direct3D 11.0 [level 11.1]
    Renderer: NVIDIA GeForce RTX 3080 Laptop GPU (ID=0x249c)
    Vendor:   NVIDIA
    VRAM:     8042 MB
    Driver:   30.0.15.1278
Initialize mono
Mono path[0] = 'C:/Program Files/Unity/Hub/Editor/2021.3.8f1/Editor/Data/Managed'
Mono path[1] = 'C:/Program Files/Unity/Hub/Editor/2021.3.8f1/Editor/Data/MonoBleedingEdge/lib/mono/unityjit-win32'
Mono config path = 'C:/Program Files/Unity/Hub/Editor/2021.3.8f1/Editor/Data/MonoBleedingEdge/etc'
Using monoOptions --debugger-agent=transport=dt_socket,embedding=1,server=y,suspend=n,address=127.0.0.1:56884
Begin MonoManager ReloadAssembly
Registering precompiled unity dll's ...
Register platform support module: C:/Program Files/Unity/Hub/Editor/2021.3.8f1/Editor/Data/PlaybackEngines/WindowsStandaloneSupport/UnityEditor.WindowsStandalone.Extensions.dll
Registered in 0.004931 seconds.
Native extension for WindowsStandalone target not found
Refreshing native plugins compatible for Editor in 72.23 ms, found 3 plugins.
Preloading 0 native plugins for Editor in 0.00 ms.
Mono: successfully reloaded assembly
- Completed reload, in  0.521 seconds
Domain Reload Profiling:
	ReloadAssembly (522ms)
		BeginReloadAssembly (62ms)
			ExecutionOrderSort (0ms)
			DisableScriptedObjects (0ms)
			BackupInstance (0ms)
			ReleaseScriptingObjects (0ms)
			CreateAndSetChildDomain (1ms)
		EndReloadAssembly (369ms)
			LoadAssemblies (60ms)
			RebuildTransferFunctionScriptingTraits (0ms)
			SetupTypeCache (78ms)
			ReleaseScriptCaches (0ms)
			RebuildScriptCaches (22ms)
			SetupLoadedEditorAssemblies (226ms)
				LogAssemblyErrors (0ms)
				InitializePlatformSupportModulesInManaged (7ms)
				SetLoadedEditorAssemblies (0ms)
				RefreshPlugins (72ms)
				BeforeProcessingInitializeOnLoad (1ms)
				ProcessInitializeOnLoadAttributes (107ms)
				ProcessInitializeOnLoadMethodAttributes (39ms)
				AfterProcessingInitializeOnLoad (0ms)
				EditorAssembliesLoaded (0ms)
			ExecutionOrderSort2 (0ms)
			AwakeInstancesAfterBackupRestoration (0ms)
Platform modules already initialized, skipping
Registering precompiled user dll's ...
Registered in 0.005319 seconds.
Begin MonoManager ReloadAssembly
Symbol file LoadedFromMemory doesn't match image C:\Users\AtomROG\Documents\GitHub\FINAL\Operation_Ocean\Library\PackageCache\com.unity.visualscripting@1.7.8\Editor\VisualScripting.Core\Dependencies\YamlDotNet\Unity.VisualScripting.YamlDotNet.dll
Symbol file LoadedFromMemory doesn't match image C:\Users\AtomROG\Documents\GitHub\FINAL\Operation_Ocean\Library\PackageCache\com.unity.visualscripting@1.7.8\Editor\VisualScripting.Core\Dependencies\DotNetZip\Unity.VisualScripting.IonicZip.dll
Native extension for WindowsStandalone target not found
Refreshing native plugins compatible for Editor in 0.67 ms, found 3 plugins.
Preloading 0 native plugins for Editor in 0.00 ms.
Mono: successfully reloaded assembly
- Completed reload, in  0.877 seconds
Domain Reload Profiling:
	ReloadAssembly (878ms)
		BeginReloadAssembly (93ms)
			ExecutionOrderSort (0ms)
			DisableScriptedObjects (5ms)
			BackupInstance (0ms)
			ReleaseScriptingObjects (0ms)
			CreateAndSetChildDomain (17ms)
		EndReloadAssembly (681ms)
			LoadAssemblies (73ms)
			RebuildTransferFunctionScriptingTraits (0ms)
			SetupTypeCache (206ms)
			ReleaseScriptCaches (1ms)
			RebuildScriptCaches (43ms)
			SetupLoadedEditorAssemblies (323ms)
				LogAssemblyErrors (0ms)
				InitializePlatformSupportModulesInManaged (5ms)
				SetLoadedEditorAssemblies (0ms)
				RefreshPlugins (1ms)
				BeforeProcessingInitializeOnLoad (78ms)
				ProcessInitializeOnLoadAttributes (206ms)
				ProcessInitializeOnLoadMethodAttributes (26ms)
				AfterProcessingInitializeOnLoad (6ms)
				EditorAssembliesLoaded (0ms)
			ExecutionOrderSort2 (0ms)
			AwakeInstancesAfterBackupRestoration (6ms)
Platform modules already initialized, skipping
========================================================================
Worker process is ready to serve import requests
Launched and connected shader compiler UnityShaderCompiler.exe after 0.04 seconds
Refreshing native plugins compatible for Editor in 0.77 ms, found 3 plugins.
Preloading 0 native plugins for Editor in 0.00 ms.
Unloading 3419 Unused Serialized files (Serialized files now loaded: 0)
Unloading 27 unused Assets / (111.2 KB). Loaded Objects now: 3876.
Memory consumption went from 121.4 MB to 121.3 MB.
Total: 3.118400 ms (FindLiveObjects: 0.295100 ms CreateObjectMapping: 0.111300 ms MarkObjects: 2.597200 ms  DeleteObjects: 0.113900 ms)

AssetImportParameters requested are different than current active one (requested -> active):
  custom:video-decoder-ogg-theora: a1e56fd34408186e4bbccfd4996cb3dc -> 
  custom:container-muxer-webm: aa71ff27fc2769a1b78a27578f13a17b -> 
  custom:container-demuxer-webm: 4f35f7cbe854078d1ac9338744f61a02 -> 
  custom:video-encoder-webm-vp8: eb34c28f22e8b96e1ab97ce403110664 -> 
  custom:audio-encoder-webm-vorbis: bf7c407c2cedff20999df2af8eb42d56 -> 
  custom:framework-win-MediaFoundation: 216162199b28c13a410421893ffa2e32 -> 
  custom:container-demuxer-ogg: 62fdf1f143b41e24485cea50d1cbac27 -> 
  custom:video-decoder-webm-vp8: 9c59270c3fd7afecdb556c50c9e8de78 -> 
  custom:audio-decoder-ogg-vorbis: bf7c407c2cedff20999df2af8eb42d56 -> 
========================================================================
Received Import Request.
  Time since last request: 105767.700228 seconds.
  path: Assets/project_sample.unity
  artifactKey: Guid(bb92e70b23b6a144190ce6d8a3bf0ab5) Importer(815301076,1909f56bfc062723c751e8b465ee728b)
Start importing Assets/project_sample.unity using Guid(bb92e70b23b6a144190ce6d8a3bf0ab5) Importer(815301076,1909f56bfc062723c751e8b465ee728b)  -> (artifact id: '4d5762e086de9d6c6d0a009b7d67670e') in 0.010886 seconds 
========================================================================
Received Import Request.
  Time since last request: 0.000022 seconds.
  path: Assets/cool_waypoint.png
  artifactKey: Guid(dc99c719b00f94a4a9e2c71a3c8159ca) Importer(815301076,1909f56bfc062723c751e8b465ee728b)
Start importing Assets/cool_waypoint.png using Guid(dc99c719b00f94a4a9e2c71a3c8159ca) Importer(815301076,1909f56bfc062723c751e8b465ee728b)  -> (artifact id: 'd9d1940215baeb20ffab3943a92f05cf') in 0.082008 seconds 
========================================================================
Received Import Request.
  Time since last request: 10.041251 seconds.
  path: Assets/Animation
  artifactKey: Guid(2be5d9ed91158d142adffe26a7cb4678) Importer(815301076,1909f56bfc062723c751e8b465ee728b)
Start importing Assets/Animation using Guid(2be5d9ed91158d142adffe26a7cb4678) Importer(815301076,1909f56bfc062723c751e8b465ee728b)  -> (artifact id: 'd289a16b08f756a1ec8a778a57568fba') in 0.004913 seconds 
========================================================================
Received Import Request.
  Time since last request: 0.796349 seconds.
  path: Assets/Input
  artifactKey: Guid(da6940d1dd2f8f840827dd81b5dd3eeb) Importer(815301076,1909f56bfc062723c751e8b465ee728b)
Start importing Assets/Input using Guid(da6940d1dd2f8f840827dd81b5dd3eeb) Importer(815301076,1909f56bfc062723c751e8b465ee728b)  -> (artifact id: 'e468b78f300b139b8710ecdc1caea82a') in 0.005133 seconds 
========================================================================
Received Import Request.
  Time since last request: 0.316390 seconds.
  path: Assets/materials
  artifactKey: Guid(2507d8d4512240f4ab27b42ed3361457) Importer(815301076,1909f56bfc062723c751e8b465ee728b)
Start importing Assets/materials using Guid(2507d8d4512240f4ab27b42ed3361457) Importer(815301076,1909f56bfc062723c751e8b465ee728b)  -> (artifact id: 'c6c8e889b8765b3b7394eeb7bac2b3a6') in 0.004914 seconds 
========================================================================
Received Import Request.
  Time since last request: 0.594379 seconds.
  path: Assets/Prefabs
  artifactKey: Guid(bfb5de96b0e340c4b8119c762f95252d) Importer(815301076,1909f56bfc062723c751e8b465ee728b)
Start importing Assets/Prefabs using Guid(bfb5de96b0e340c4b8119c762f95252d) Importer(815301076,1909f56bfc062723c751e8b465ee728b)  -> (artifact id: '77534361b7e6b05c97683800ca6d965c') in 0.005162 seconds 
========================================================================
Received Import Request.
  Time since last request: 0.413962 seconds.
  path: Assets/Scenes
  artifactKey: Guid(6ea315d0fd7389c41b19996891e99ae3) Importer(815301076,1909f56bfc062723c751e8b465ee728b)
Start importing Assets/Scenes using Guid(6ea315d0fd7389c41b19996891e99ae3) Importer(815301076,1909f56bfc062723c751e8b465ee728b)  -> (artifact id: 'b8193726cff86800c54781cdc6d54904') in 0.007365 seconds 
========================================================================
Received Import Request.
  Time since last request: 1.581189 seconds.
  path: Assets/EvolveGames
  artifactKey: Guid(cb8ca073f6146c04b860a269825bf1c7) Importer(815301076,1909f56bfc062723c751e8b465ee728b)
Start importing Assets/EvolveGames using Guid(cb8ca073f6146c04b860a269825bf1c7) Importer(815301076,1909f56bfc062723c751e8b465ee728b)  -> (artifact id: '8e83f7300097719bbb2c0754f5f8bf5f') in 0.006899 seconds 
========================================================================
Received Import Request.
  Time since last request: 1.352721 seconds.
  path: Assets/Polygonal Particles
  artifactKey: Guid(92726572ac22fea43aeec66771903cf9) Importer(815301076,1909f56bfc062723c751e8b465ee728b)
Start importing Assets/Polygonal Particles using Guid(92726572ac22fea43aeec66771903cf9) Importer(815301076,1909f56bfc062723c751e8b465ee728b)  -> (artifact id: 'a50b711e1dbbee81f3cc5cdfabb4b3b6') in 0.004845 seconds 
========================================================================
Received Import Request.
  Time since last request: 1.910252 seconds.
  path: Assets/Scripts
  artifactKey: Guid(cba9df9808651b743a189068dc9084d1) Importer(815301076,1909f56bfc062723c751e8b465ee728b)
Start importing Assets/Scripts using Guid(cba9df9808651b743a189068dc9084d1) Importer(815301076,1909f56bfc062723c751e8b465ee728b)  -> (artifact id: '30bb548994c4faaf9d4f201dd8a7621a') in 0.005176 seconds 
========================================================================
Received Import Request.
  Time since last request: 1.963287 seconds.
  path: Assets/Prefabs/Canvas.prefab
  artifactKey: Guid(3caf3f5a830c88e43a99cf66b89f5316) Importer(815301076,1909f56bfc062723c751e8b465ee728b)
Start importing Assets/Prefabs/Canvas.prefab using Guid(3caf3f5a830c88e43a99cf66b89f5316) Importer(815301076,1909f56bfc062723c751e8b465ee728b)  -> (artifact id: '8b4ba80e9a2eb345a31afd4654540aa9') in 0.060865 seconds 
========================================================================
Received Import Request.
  Time since last request: 0.000023 seconds.
  path: Assets/Prefabs/Player.prefab
  artifactKey: Guid(a794ef08d61ba4b4eabfd23e35430ab5) Importer(815301076,1909f56bfc062723c751e8b465ee728b)
Start importing Assets/Prefabs/Player.prefab using Guid(a794ef08d61ba4b4eabfd23e35430ab5) Importer(815301076,1909f56bfc062723c751e8b465ee728b)  -> (artifact id: '666339410dcda9996b0d1721ec69bf42') in 0.234319 seconds 
========================================================================
Received Import Request.
  Time since last request: 0.000026 seconds.
  path: Assets/Prefabs/door.prefab
  artifactKey: Guid(112bafce39ad7ed46963d677eb147e93) Importer(815301076,1909f56bfc062723c751e8b465ee728b)
Start importing Assets/Prefabs/door.prefab using Guid(112bafce39ad7ed46963d677eb147e93) Importer(815301076,1909f56bfc062723c751e8b465ee728b)  -> (artifact id: '46faed253faa67ce5d8b653855d87db2') in 0.010306 seconds 
========================================================================
Received Import Request.
  Time since last request: 0.000047 seconds.
  path: Assets/Prefabs/model.prefab
  artifactKey: Guid(5623d0277edee254da77d59682536503) Importer(815301076,1909f56bfc062723c751e8b465ee728b)
Start importing Assets/Prefabs/model.prefab using Guid(5623d0277edee254da77d59682536503) Importer(815301076,1909f56bfc062723c751e8b465ee728b)  -> (artifact id: '50bc224d70c1353a448eca44e0769cca') in 0.012040 seconds 
========================================================================
Received Import Request.
  Time since last request: 0.000039 seconds.
  path: Assets/Prefabs/electrical boxes.prefab
  artifactKey: Guid(6c9be307fc131ee40bdcea45c455306e) Importer(815301076,1909f56bfc062723c751e8b465ee728b)
Start importing Assets/Prefabs/electrical boxes.prefab using Guid(6c9be307fc131ee40bdcea45c455306e) Importer(815301076,1909f56bfc062723c751e8b465ee728b)  -> (artifact id: 'cc85fe682503e0526e1b3d32a9143da4') in 0.012379 seconds 
========================================================================
Received Import Request.
  Time since last request: 0.000043 seconds.
  path: Assets/Prefabs/sketchfab_vatlarge.prefab
  artifactKey: Guid(1e7e424a0f18e15428eb3a2788155664) Importer(815301076,1909f56bfc062723c751e8b465ee728b)
Start importing Assets/Prefabs/sketchfab_vatlarge.prefab using Guid(1e7e424a0f18e15428eb3a2788155664) Importer(815301076,1909f56bfc062723c751e8b465ee728b)  -> (artifact id: 'd03477d16e3b0e0447319ef51d6306bb') in 0.012271 seconds 
========================================================================
Received Import Request.
  Time since last request: 0.000053 seconds.
  path: Assets/Prefabs/Keypad.prefab
  artifactKey: Guid(9b2f80aff39843242b7c5404190ce2da) Importer(815301076,1909f56bfc062723c751e8b465ee728b)
Start importing Assets/Prefabs/Keypad.prefab using Guid(9b2f80aff39843242b7c5404190ce2da) Importer(815301076,1909f56bfc062723c751e8b465ee728b)  -> (artifact id: '8d34a62937f2e13c90b7255291023c47') in 0.113570 seconds 
========================================================================
Received Prepare
Registering precompiled user dll's ...
Registered in 0.006824 seconds.
Begin MonoManager ReloadAssembly
Symbol file LoadedFromMemory doesn't match image C:\Users\AtomROG\Documents\GitHub\FINAL\Operation_Ocean\Library\PackageCache\com.unity.visualscripting@1.7.8\Editor\VisualScripting.Core\Dependencies\YamlDotNet\Unity.VisualScripting.YamlDotNet.dll
Symbol file LoadedFromMemory doesn't match image C:\Users\AtomROG\Documents\GitHub\FINAL\Operation_Ocean\Library\PackageCache\com.unity.visualscripting@1.7.8\Editor\VisualScripting.Core\Dependencies\DotNetZip\Unity.VisualScripting.IonicZip.dll
Native extension for WindowsStandalone target not found
Refreshing native plugins compatible for Editor in 0.70 ms, found 3 plugins.
Preloading 0 native plugins for Editor in 0.00 ms.
Mono: successfully reloaded assembly
- Completed reload, in  1.175 seconds
Domain Reload Profiling:
	ReloadAssembly (1175ms)
		BeginReloadAssembly (162ms)
			ExecutionOrderSort (0ms)
			DisableScriptedObjects (4ms)
			BackupInstance (0ms)
			ReleaseScriptingObjects (0ms)
			CreateAndSetChildDomain (45ms)
		EndReloadAssembly (884ms)
			LoadAssemblies (112ms)
			RebuildTransferFunctionScriptingTraits (0ms)
			SetupTypeCache (329ms)
			ReleaseScriptCaches (1ms)
			RebuildScriptCaches (47ms)
			SetupLoadedEditorAssemblies (354ms)
				LogAssemblyErrors (0ms)
				InitializePlatformSupportModulesInManaged (15ms)
				SetLoadedEditorAssemblies (1ms)
				RefreshPlugins (1ms)
				BeforeProcessingInitializeOnLoad (80ms)
				ProcessInitializeOnLoadAttributes (227ms)
				ProcessInitializeOnLoadMethodAttributes (25ms)
				AfterProcessingInitializeOnLoad (6ms)
				EditorAssembliesLoaded (0ms)
			ExecutionOrderSort2 (0ms)
			AwakeInstancesAfterBackupRestoration (6ms)
Platform modules already initialized, skipping
Refreshing native plugins compatible for Editor in 2.11 ms, found 3 plugins.
Preloading 0 native plugins for Editor in 0.00 ms.
Unloading 3372 Unused Serialized files (Serialized files now loaded: 0)
Unloading 51 unused Assets / (79.9 KB). Loaded Objects now: 3862.
Memory consumption went from 123.7 MB to 123.6 MB.
Total: 3.510400 ms (FindLiveObjects: 0.411100 ms CreateObjectMapping: 0.197500 ms MarkObjects: 2.782900 ms  DeleteObjects: 0.118100 ms)

AssetImportParameters requested are different than current active one (requested -> active):
  custom:video-decoder-ogg-theora: a1e56fd34408186e4bbccfd4996cb3dc -> 
  custom:container-muxer-webm: aa71ff27fc2769a1b78a27578f13a17b -> 
  custom:container-demuxer-webm: 4f35f7cbe854078d1ac9338744f61a02 -> 
  custom:video-encoder-webm-vp8: eb34c28f22e8b96e1ab97ce403110664 -> 
  custom:audio-encoder-webm-vorbis: bf7c407c2cedff20999df2af8eb42d56 -> 
  custom:framework-win-MediaFoundation: 216162199b28c13a410421893ffa2e32 -> 
  custom:container-demuxer-ogg: 62fdf1f143b41e24485cea50d1cbac27 -> 
  custom:video-decoder-webm-vp8: 9c59270c3fd7afecdb556c50c9e8de78 -> 
  custom:audio-decoder-ogg-vorbis: bf7c407c2cedff20999df2af8eb42d56 -> 
Editor requested this worker to shutdown with reason: Scaling down because of idle timeout
AssetImportWorker is now disconnected from the server
Process exiting
Exiting without the bug reporter. Application will terminate with return code 0